Using pre-set license
Built from '2020.3/staging' branch; Version is '2020.3.25f1 (9b9180224418) revision 10195328'; Using compiler version '192528614'; Build Type 'Release'
OS: 'Windows 11  (10.0.22000) 64bit Core' Language: 'en' Physical Memory: 16236 MB
BatchMode: 1, IsHumanControllingUs: 0, StartBugReporterOnCrash: 0, Is64bit: 1, IsPro: 0

COMMAND LINE ARGUMENTS:
C:\Program Files\Unity\Hub\Editor\2020.3.25f1\Editor\Unity.exe
-adb2
-batchMode
-noUpm
-name
AssetImportWorker0
-projectPath
C:/Users/nancy/LearningMaterials/Resources/xLua Tutorials/classxLua
-logFile
Logs/AssetImportWorker0.log
-srvPort
64697
Successfully changed project path to: C:/Users/nancy/LearningMaterials/Resources/xLua Tutorials/classxLua
C:/Users/nancy/LearningMaterials/Resources/xLua Tutorials/classxLua
Using Asset Import Pipeline V2.
Refreshing native plugins compatible for Editor in 32.34 ms, found 3 plugins.
Preloading 0 native plugins for Editor in 0.00 ms.
Initialize engine version: 2020.3.25f1 (9b9180224418)
[Subsystems] Discovering subsystems at path C:/Program Files/Unity/Hub/Editor/2020.3.25f1/Editor/Data/Resources/UnitySubsystems
[Subsystems] Discovering subsystems at path C:/Users/nancy/LearningMaterials/Resources/xLua Tutorials/classxLua/Assets
GfxDevice: creating device client; threaded=0
Direct3D:
    Version:  Direct3D 11.0 [level 11.1]
    Renderer: NVIDIA GeForce RTX 3060 Laptop GPU (ID=0x2560)
    Vendor:   
    VRAM:     6023 MB
    Driver:   27.21.14.6692
Initialize mono
Mono path[0] = 'C:/Program Files/Unity/Hub/Editor/2020.3.25f1/Editor/Data/Managed'
Mono path[1] = 'C:/Program Files/Unity/Hub/Editor/2020.3.25f1/Editor/Data/MonoBleedingEdge/lib/mono/unityjit'
Mono config path = 'C:/Program Files/Unity/Hub/Editor/2020.3.25f1/Editor/Data/MonoBleedingEdge/etc'
Using monoOptions --debugger-agent=transport=dt_socket,embedding=1,server=y,suspend=n,address=127.0.0.1:56736
Begin MonoManager ReloadAssembly
Registering precompiled unity dll's ...
Register platform support module: C:/Program Files/Unity/Hub/Editor/2020.3.25f1/Editor/Data/PlaybackEngines/WebGLSupport/UnityEditor.WebGL.Extensions.dll
Register platform support module: C:/Program Files/Unity/Hub/Editor/2020.3.25f1/Editor/Data/PlaybackEngines/WindowsStandaloneSupport/UnityEditor.WindowsStandalone.Extensions.dll
Registered in 0.002331 seconds.
Native extension for WindowsStandalone target not found
Native extension for WebGL target not found
Refreshing native plugins compatible for Editor in 25.24 ms, found 3 plugins.
Preloading 0 native plugins for Editor in 0.00 ms.
Mono: successfully reloaded assembly
- Completed reload, in  0.413 seconds
Domain Reload Profiling:
	ReloadAssembly (413ms)
		BeginReloadAssembly (42ms)
			ExecutionOrderSort (0ms)
			DisableScriptedObjects (0ms)
			BackupInstance (0ms)
			ReleaseScriptingObjects (0ms)
			CreateAndSetChildDomain (1ms)
		EndReloadAssembly (317ms)
			LoadAssemblies (40ms)
			RebuildTransferFunctionScriptingTraits (0ms)
			SetupTypeCache (99ms)
			ReleaseScriptCaches (0ms)
			RebuildScriptCaches (19ms)
			SetupLoadedEditorAssemblies (120ms)
				LogAssemblyErrors (0ms)
				InitializePlatformSupportModulesInManaged (4ms)
				SetLoadedEditorAssemblies (0ms)
				RefreshPlugins (25ms)
				BeforeProcessingInitializeOnLoad (13ms)
				ProcessInitializeOnLoadAttributes (59ms)
				ProcessInitializeOnLoadMethodAttributes (19ms)
				AfterProcessingInitializeOnLoad (0ms)
				EditorAssembliesLoaded (0ms)
			ExecutionOrderSort2 (0ms)
			AwakeInstancesAfterBackupRestoration (0ms)
Platform modules already initialized, skipping
Registering precompiled user dll's ...
Registered in 0.006057 seconds.
Begin MonoManager ReloadAssembly
Native extension for WindowsStandalone target not found
Native extension for WebGL target not found
Refreshing native plugins compatible for Editor in 0.47 ms, found 3 plugins.
Preloading 0 native plugins for Editor in 0.00 ms.
Mono: successfully reloaded assembly
- Completed reload, in  0.715 seconds
Domain Reload Profiling:
	ReloadAssembly (716ms)
		BeginReloadAssembly (102ms)
			ExecutionOrderSort (0ms)
			DisableScriptedObjects (4ms)
			BackupInstance (0ms)
			ReleaseScriptingObjects (0ms)
			CreateAndSetChildDomain (16ms)
		EndReloadAssembly (568ms)
			LoadAssemblies (66ms)
			RebuildTransferFunctionScriptingTraits (0ms)
			SetupTypeCache (191ms)
			ReleaseScriptCaches (0ms)
			RebuildScriptCaches (27ms)
			SetupLoadedEditorAssemblies (224ms)
				LogAssemblyErrors (0ms)
				InitializePlatformSupportModulesInManaged (4ms)
				SetLoadedEditorAssemblies (1ms)
				RefreshPlugins (1ms)
				BeforeProcessingInitializeOnLoad (59ms)
				ProcessInitializeOnLoadAttributes (147ms)
				ProcessInitializeOnLoadMethodAttributes (7ms)
				AfterProcessingInitializeOnLoad (6ms)
				EditorAssembliesLoaded (0ms)
			ExecutionOrderSort2 (0ms)
			AwakeInstancesAfterBackupRestoration (5ms)
Platform modules already initialized, skipping
========================================================================
Worker process is ready to serve import requests
Launched and connected shader compiler UnityShaderCompiler.exe after 0.05 seconds
Refreshing native plugins compatible for Editor in 0.44 ms, found 3 plugins.
Preloading 0 native plugins for Editor in 0.00 ms.
Unloading 1624 Unused Serialized files (Serialized files now loaded: 0)
System memory in use before: 73.0 MB.
System memory in use after: 73.1 MB.

Unloading 34 unused Assets to reduce memory usage. Loaded Objects now: 2041.
Total: 2.502200 ms (FindLiveObjects: 0.114000 ms CreateObjectMapping: 0.040400 ms MarkObjects: 2.291200 ms  DeleteObjects: 0.055700 ms)

AssetImportParameters requested are different than current active one (requested -> active):
  custom:framework-win-MediaFoundation: 216162199b28c13a410421893ffa2e32 -> 
  custom:video-decoder-ogg-theora: a1e56fd34408186e4bbccfd4996cb3dc -> 
  custom:container-muxer-webm: aa71ff27fc2769a1b78a27578f13a17b -> 
  custom:container-demuxer-webm: 4f35f7cbe854078d1ac9338744f61a02 -> 
  custom:container-demuxer-ogg: 62fdf1f143b41e24485cea50d1cbac27 -> 
  custom:video-encoder-webm-vp8: eb34c28f22e8b96e1ab97ce403110664 -> 
  custom:video-codec-MediaFoundation-h265: 746d11721c4dcdbdad8f713fa42b33f4 -> 
  custom:video-decoder-webm-vp8: 9c59270c3fd7afecdb556c50c9e8de78 -> 
  custom:audio-decoder-ogg-vorbis: bf7c407c2cedff20999df2af8eb42d56 -> 
  custom:audio-encoder-webm-vorbis: bf7c407c2cedff20999df2af8eb42d56 -> 
========================================================================
Received Import Request.
  path: Assets/Editor/LuaFileCreate.cs
  artifactKey: Guid(76ab0c09bc5ee704086a768a6fdc6e6f) Importer(815301076,1909f56bfc062723c751e8b465ee728b)
Start importing Assets/Editor/LuaFileCreate.cs using Guid(76ab0c09bc5ee704086a768a6fdc6e6f) Importer(815301076,1909f56bfc062723c751e8b465ee728b)  -> (artifact id: 'd342984191192a5ab68e1cd838056645') in 0.021235 seconds 
  Import took 0.024289 seconds .

========================================================================
Received Import Request.
  Time since last request: 81.769971 seconds.
  path: Assets/XLua/Src
  artifactKey: Guid(ac2f50d02ed9ec24b8fcc1921bfb244c) Importer(815301076,1909f56bfc062723c751e8b465ee728b)
Start importing Assets/XLua/Src using Guid(ac2f50d02ed9ec24b8fcc1921bfb244c) Importer(815301076,1909f56bfc062723c751e8b465ee728b)  -> (artifact id: '0e489f8bc43d26e7f5632e1dbb15f48f') in 0.009428 seconds 
  Import took 0.012181 seconds .

========================================================================
Received Import Request.
  Time since last request: 6.575071 seconds.
  path: Assets/XLua/Tutorial/CSharpCallLua
  artifactKey: Guid(65e4ae2b615903c4d8797af604056ca7) Importer(815301076,1909f56bfc062723c751e8b465ee728b)
Start importing Assets/XLua/Tutorial/CSharpCallLua using Guid(65e4ae2b615903c4d8797af604056ca7) Importer(815301076,1909f56bfc062723c751e8b465ee728b)  -> (artifact id: '5d8491024968c901dbbcf27cfba40485') in 0.009002 seconds 
  Import took 0.017841 seconds .

========================================================================
Received Import Request.
  Time since last request: 68.802153 seconds.
  path: Assets/Scipts/Managers/xLuaMgr.cs
  artifactKey: Guid(73b0831dbadeb0f44a7716e4fee90d56) Importer(815301076,1909f56bfc062723c751e8b465ee728b)
Start importing Assets/Scipts/Managers/xLuaMgr.cs using Guid(73b0831dbadeb0f44a7716e4fee90d56) Importer(815301076,1909f56bfc062723c751e8b465ee728b)  -> (artifact id: 'c42d8ea8b62f90850ded8a3948de6a09') in 0.011029 seconds 
  Import took 0.013725 seconds .

========================================================================
Received Import Request.
  Time since last request: 66.234668 seconds.
  path: Assets/Scipts/GameLaunch.cs
  artifactKey: Guid(dcadaed0073729a45864ce053b14ecd5) Importer(815301076,1909f56bfc062723c751e8b465ee728b)
Start importing Assets/Scipts/GameLaunch.cs using Guid(dcadaed0073729a45864ce053b14ecd5) Importer(815301076,1909f56bfc062723c751e8b465ee728b)  -> (artifact id: 'ebba32e0ed6a23a843aee93f7e8d06a4') in 0.009653 seconds 
  Import took 0.018747 seconds .

========================================================================
Received Import Request.
  Time since last request: 64.332781 seconds.
  path: Assets/LuaScripts/main.lua
  artifactKey: Guid(aef76cc6d2c473e439556fbc8250fb4d) Importer(815301076,1909f56bfc062723c751e8b465ee728b)
Start importing Assets/LuaScripts/main.lua using Guid(aef76cc6d2c473e439556fbc8250fb4d) Importer(815301076,1909f56bfc062723c751e8b465ee728b)  -> (artifact id: 'b5be336c6961f4273276fe35a1cfcadd') in 0.029446 seconds 
  Import took 0.032161 seconds .

========================================================================
Received Prepare
Registering precompiled user dll's ...
Registered in 0.111509 seconds.
Begin MonoManager ReloadAssembly
Native extension for WindowsStandalone target not found
Native extension for WebGL target not found
Refreshing native plugins compatible for Editor in 0.47 ms, found 3 plugins.
Preloading 0 native plugins for Editor in 0.00 ms.
Mono: successfully reloaded assembly
- Completed reload, in  0.882 seconds
Domain Reload Profiling:
	ReloadAssembly (885ms)
		BeginReloadAssembly (229ms)
			ExecutionOrderSort (0ms)
			DisableScriptedObjects (24ms)
			BackupInstance (0ms)
			ReleaseScriptingObjects (0ms)
			CreateAndSetChildDomain (110ms)
		EndReloadAssembly (603ms)
			LoadAssemblies (86ms)
			RebuildTransferFunctionScriptingTraits (0ms)
			SetupTypeCache (204ms)
			ReleaseScriptCaches (1ms)
			RebuildScriptCaches (26ms)
			SetupLoadedEditorAssemblies (225ms)
				LogAssemblyErrors (0ms)
				InitializePlatformSupportModulesInManaged (5ms)
				SetLoadedEditorAssemblies (1ms)
				RefreshPlugins (1ms)
				BeforeProcessingInitializeOnLoad (59ms)
				ProcessInitializeOnLoadAttributes (146ms)
				ProcessInitializeOnLoadMethodAttributes (7ms)
				AfterProcessingInitializeOnLoad (6ms)
				EditorAssembliesLoaded (0ms)
			ExecutionOrderSort2 (0ms)
			AwakeInstancesAfterBackupRestoration (5ms)
Platform modules already initialized, skipping
Refreshing native plugins compatible for Editor in 0.48 ms, found 3 plugins.
Preloading 0 native plugins for Editor in 0.00 ms.
Unloading 1618 Unused Serialized files (Serialized files now loaded: 0)
System memory in use before: 72.9 MB.
System memory in use after: 73.0 MB.

Unloading 29 unused Assets to reduce memory usage. Loaded Objects now: 2043.
Total: 2.710900 ms (FindLiveObjects: 0.142300 ms CreateObjectMapping: 0.053900 ms MarkObjects: 2.493500 ms  DeleteObjects: 0.020100 ms)

AssetImportParameters requested are different than current active one (requested -> active):
  custom:framework-win-MediaFoundation: 216162199b28c13a410421893ffa2e32 -> 
  custom:video-decoder-ogg-theora: a1e56fd34408186e4bbccfd4996cb3dc -> 
  custom:container-muxer-webm: aa71ff27fc2769a1b78a27578f13a17b -> 
  custom:container-demuxer-webm: 4f35f7cbe854078d1ac9338744f61a02 -> 
  custom:container-demuxer-ogg: 62fdf1f143b41e24485cea50d1cbac27 -> 
  custom:video-encoder-webm-vp8: eb34c28f22e8b96e1ab97ce403110664 -> 
  custom:video-codec-MediaFoundation-h265: 746d11721c4dcdbdad8f713fa42b33f4 -> 
  custom:video-decoder-webm-vp8: 9c59270c3fd7afecdb556c50c9e8de78 -> 
  custom:audio-decoder-ogg-vorbis: bf7c407c2cedff20999df2af8eb42d56 -> 
  custom:audio-encoder-webm-vorbis: bf7c407c2cedff20999df2af8eb42d56 -> 
========================================================================
Received Import Request.
  Time since last request: 88405.640290 seconds.
  path: Assets/XLua/Tutorial/CSharpCallLua/CSCallLua.unity
  artifactKey: Guid(0b0cb24da8f1e8746b57219f9cb3d794) Importer(815301076,1909f56bfc062723c751e8b465ee728b)
Start importing Assets/XLua/Tutorial/CSharpCallLua/CSCallLua.unity using Guid(0b0cb24da8f1e8746b57219f9cb3d794) Importer(815301076,1909f56bfc062723c751e8b465ee728b)  -> (artifact id: 'ea7f2eeb87efe2edc6907ef73f9e3173') in 0.017875 seconds 
  Import took 0.020982 seconds .

========================================================================
Received Import Request.
  Time since last request: 21.901491 seconds.
  path: Assets/XLua/Tutorial/LuaCallCSharp/LuaCallCs.unity
  artifactKey: Guid(d5a67740111b6144d874577073176b35) Importer(815301076,1909f56bfc062723c751e8b465ee728b)
Start importing Assets/XLua/Tutorial/LuaCallCSharp/LuaCallCs.unity using Guid(d5a67740111b6144d874577073176b35) Importer(815301076,1909f56bfc062723c751e8b465ee728b)  -> (artifact id: '178b689e3c4e3be82b8613d94861c09f') in 0.009301 seconds 
  Import took 0.012363 seconds .

========================================================================
Received Import Request.
  Time since last request: 6.753498 seconds.
  path: Assets/Scenes/Main.unity
  artifactKey: Guid(9fc0d4010bbf28b4594072e72b8655ab) Importer(815301076,1909f56bfc062723c751e8b465ee728b)
Start importing Assets/Scenes/Main.unity using Guid(9fc0d4010bbf28b4594072e72b8655ab) Importer(815301076,1909f56bfc062723c751e8b465ee728b)  -> (artifact id: '882e67347ea2175707b33e747d562093') in 0.014730 seconds 
  Import took 0.017633 seconds .

========================================================================
Received Prepare
Registering precompiled user dll's ...
Registered in 0.696066 seconds.
Begin MonoManager ReloadAssembly
Native extension for WindowsStandalone target not found
Native extension for WebGL target not found
Refreshing native plugins compatible for Editor in 0.49 ms, found 3 plugins.
Preloading 0 native plugins for Editor in 0.00 ms.
Mono: successfully reloaded assembly
- Completed reload, in  5.122 seconds
Domain Reload Profiling:
	ReloadAssembly (5126ms)
		BeginReloadAssembly (2111ms)
			ExecutionOrderSort (0ms)
			DisableScriptedObjects (16ms)
			BackupInstance (0ms)
			ReleaseScriptingObjects (0ms)
			CreateAndSetChildDomain (66ms)
		EndReloadAssembly (2962ms)
			LoadAssemblies (3257ms)
			RebuildTransferFunctionScriptingTraits (0ms)
			SetupTypeCache (824ms)
			ReleaseScriptCaches (1ms)
			RebuildScriptCaches (24ms)
			SetupLoadedEditorAssemblies (735ms)
				LogAssemblyErrors (0ms)
				InitializePlatformSupportModulesInManaged (5ms)
				SetLoadedEditorAssemblies (1ms)
				RefreshPlugins (1ms)
				BeforeProcessingInitializeOnLoad (59ms)
				ProcessInitializeOnLoadAttributes (235ms)
				ProcessInitializeOnLoadMethodAttributes (428ms)
				AfterProcessingInitializeOnLoad (6ms)
				EditorAssembliesLoaded (0ms)
			ExecutionOrderSort2 (0ms)
			AwakeInstancesAfterBackupRestoration (5ms)
Platform modules already initialized, skipping
Refreshing native plugins compatible for Editor in 0.53 ms, found 3 plugins.
Preloading 0 native plugins for Editor in 0.00 ms.
Unloading 1618 Unused Serialized files (Serialized files now loaded: 0)
System memory in use before: 72.9 MB.
System memory in use after: 73.1 MB.

Unloading 29 unused Assets to reduce memory usage. Loaded Objects now: 2045.
Total: 2.404200 ms (FindLiveObjects: 0.143100 ms CreateObjectMapping: 0.058900 ms MarkObjects: 2.185600 ms  DeleteObjects: 0.015800 ms)

AssetImportParameters requested are different than current active one (requested -> active):
  custom:framework-win-MediaFoundation: 216162199b28c13a410421893ffa2e32 -> 
  custom:video-decoder-ogg-theora: a1e56fd34408186e4bbccfd4996cb3dc -> 
  custom:container-muxer-webm: aa71ff27fc2769a1b78a27578f13a17b -> 
  custom:container-demuxer-webm: 4f35f7cbe854078d1ac9338744f61a02 -> 
  custom:container-demuxer-ogg: 62fdf1f143b41e24485cea50d1cbac27 -> 
  custom:video-encoder-webm-vp8: eb34c28f22e8b96e1ab97ce403110664 -> 
  custom:video-codec-MediaFoundation-h265: 746d11721c4dcdbdad8f713fa42b33f4 -> 
  custom:video-decoder-webm-vp8: 9c59270c3fd7afecdb556c50c9e8de78 -> 
  custom:audio-decoder-ogg-vorbis: bf7c407c2cedff20999df2af8eb42d56 -> 
  custom:audio-encoder-webm-vorbis: bf7c407c2cedff20999df2af8eb42d56 -> 
AssetImportWorkerClient::OnTransportError - code=2 error=End of file
